<?xml version="1.0" encoding="UTF-8"?>
<!-- Generated by org.testng.reporters.JUnitXMLReporter -->
<testsuite hostname="LetsGoMo" name="PGSDK Run 1" tests="35" failures="1" timestamp="29 Apr 2015 14:06:04 GMT" time="3063.633" errors="0">
  <testcase name="TC_01" time="308.13" classname="com.test.android.testCases.TestRunTimeMatrics"/>
  <testcase name="TC_02" time="205.806" classname="com.test.android.testCases.TestRunTimeMatrics"/>
  <testcase name="TC_03" time="42.296" classname="com.test.android.testCases.TestRunTimeMatrics"/>
  <testcase name="TC_03" time="42.135" classname="com.test.android.testCases.TestRunTimeMatrics"/>
  <testcase name="TC_04" time="35.177" classname="com.test.android.testCases.TestRunTimeMatrics"/>
  <testcase name="TC_04" time="35.376" classname="com.test.android.testCases.TestRunTimeMatrics"/>
  <testcase name="TC_05" time="193.122" classname="com.test.android.testCases.TestRunTimeMatrics"/>
  <testcase name="TC_06" time="300.01" classname="com.test.android.testCases.TestRunTimeMatrics"/>
  <testcase name="TC_07" time="26.594" classname="com.test.android.testCases.TestRunTimeMatrics"/>
  <testcase name="TC_07" time="26.441" classname="com.test.android.testCases.TestRunTimeMatrics"/>
  <testcase name="TC_08" time="120.061" classname="com.test.android.testCases.TestRunTimeMatrics"/>
  <testcase name="TC_09" time="121.37" classname="com.test.android.testCases.TestRunTimeMatrics"/>
  <testcase name="TC_12" time="42.685" classname="com.test.android.testCases.TestRunTimeMatrics"/>
  <testcase name="TC_12" time="41.912" classname="com.test.android.testCases.TestRunTimeMatrics"/>
  <testcase name="TC_13" time="194.645" classname="com.test.android.testCases.TestRunTimeMatrics"/>
  <testcase name="TC_14" time="121.913" classname="com.test.android.testCases.TestRunTimeMatrics"/>
  <testcase name="TC_15" time="120.014" classname="com.test.android.testCases.TestRunTimeMatrics"/>
  <testcase name="TC_16" time="2.104" classname="com.test.android.testCases.TestRunTimeMatrics">
    <failure type="org.openqa.selenium.NoSuchElementException" message="An element could not be located on the page using the given search parameters. (WARNING: The server did not provide any stacktrace information)
Command duration or timeout: 47 milliseconds
For documentation on this error, please visit: http://seleniumhq.org/exceptions/no_such_element.html
Build info: version: &amp;apos;2.42.2&amp;apos;, revision: &amp;apos;6a6995d&amp;apos;, time: &amp;apos;2014-06-03 17:42:03&amp;apos;
System info: host: &amp;apos;LetsGoMo&amp;apos;, ip: &amp;apos;192.168.1.213&amp;apos;, os.name: &amp;apos;Windows 8.1&amp;apos;, os.arch: &amp;apos;amd64&amp;apos;, os.version: &amp;apos;6.3&amp;apos;, java.version: &amp;apos;1.8.0_25&amp;apos;
Driver info: io.appium.java_client.AppiumDriver
Capabilities [{app=D:\Eclipse\PGSDK_REDEFINED/raw/WithoutGoExternalCall.apk, networkConnectionEnabled=true, warnings={}, databaseEnabled=false, version=4.2, deviceName=Android Device, deviceReadyTimeout=15, launchTimeout=30000, bootstrap-port=4754, platform=LINUX, desired={app=D:\Eclipse\PGSDK_REDEFINED/raw/WithoutGoExternalCall.apk, newCommandTimeout=900000, browserName=Android, platformName=Android, udid=0123456789ABCDEF, version=4.2, deviceName=Android Device, deviceReadyTimeout=15, launchTimeout=30000, bootstrap-port=4754}, newCommandTimeout=900000, platformVersion=4.1, webStorageEnabled=false, locationContextEnabled=false, browserName=Android, takesScreenshot=true, javascriptEnabled=true, platformName=Android, udid=0123456789ABCDEF}]
Session ID: e4d5a10e-c765-4815-b56b-6db43aadcb15">
      <![CDATA[org.openqa.selenium.NoSuchElementException: An element could not be located on the page using the given search parameters. (WARNING: The server did not provide any stacktrace information)
Command duration or timeout: 47 milliseconds
For documentation on this error, please visit: http://seleniumhq.org/exceptions/no_such_element.html
Build info: version: '2.42.2', revision: '6a6995d', time: '2014-06-03 17:42:03'
System info: host: 'LetsGoMo', ip: '192.168.1.213', os.name: 'Windows 8.1', os.arch: 'amd64', os.version: '6.3', java.version: '1.8.0_25'
Driver info: io.appium.java_client.AppiumDriver
Capabilities [{app=D:\Eclipse\PGSDK_REDEFINED/raw/WithoutGoExternalCall.apk, networkConnectionEnabled=true, warnings={}, databaseEnabled=false, version=4.2, deviceName=Android Device, deviceReadyTimeout=15, launchTimeout=30000, bootstrap-port=4754, platform=LINUX, desired={app=D:\Eclipse\PGSDK_REDEFINED/raw/WithoutGoExternalCall.apk, newCommandTimeout=900000, browserName=Android, platformName=Android, udid=0123456789ABCDEF, version=4.2, deviceName=Android Device, deviceReadyTimeout=15, launchTimeout=30000, bootstrap-port=4754}, newCommandTimeout=900000, platformVersion=4.1, webStorageEnabled=false, locationContextEnabled=false, browserName=Android, takesScreenshot=true, javascriptEnabled=true, platformName=Android, udid=0123456789ABCDEF}]
Session ID: e4d5a10e-c765-4815-b56b-6db43aadcb15
	at org.openqa.selenium.remote.ErrorHandler.createThrowable(ErrorHandler.java:204)
	at org.openqa.selenium.remote.ErrorHandler.throwIfResponseFailed(ErrorHandler.java:156)
	at org.openqa.selenium.remote.RemoteWebDriver.execute(RemoteWebDriver.java:599)
	at io.appium.java_client.AppiumDriver.execute(AppiumDriver.java:102)
	at org.openqa.selenium.remote.RemoteWebDriver.findElement(RemoteWebDriver.java:352)
	at org.openqa.selenium.remote.RemoteWebDriver.findElementByClassName(RemoteWebDriver.java:433)
	at org.openqa.selenium.By$ByClassName.findElement(By.java:387)
	at org.openqa.selenium.remote.RemoteWebDriver.findElement(RemoteWebDriver.java:344)
	at com.test.android.Utilities.toggleWiFi(Utilities.java:120)
	at com.test.android.testCases.TestRunTimeMatrics.TC_16(TestRunTimeMatrics.java:179)
	at java.util.concurrent.FutureTask.run(Unknown Source)
	at java.util.concurrent.ThreadPoolExecutor.runWorker(Unknown Source)
	at java.util.concurrent.ThreadPoolExecutor$Worker.run(Unknown Source)
	at java.lang.Thread.run(Unknown Source)
... Removed 20 stack frames]]>
    </failure>
  </testcase> <!-- TC_16 -->
  <testcase name="TC_17" time="31.701" classname="com.test.android.testCases.TestRunTimeMatrics"/>
  <testcase name="TC_18" time="32.071" classname="com.test.android.testCases.TestRunTimeMatrics"/>
  <testcase name="TC_18" time="31.877" classname="com.test.android.testCases.TestRunTimeMatrics"/>
  <testcase name="TC_19" time="32.312" classname="com.test.android.testCases.TestRunTimeMatrics"/>
  <testcase name="TC_19" time="32.385" classname="com.test.android.testCases.TestRunTimeMatrics"/>
  <testcase name="TC_20" time="194.766" classname="com.test.android.testCases.TestRunTimeMatrics"/>
  <testcase name="TC_21" time="5.462" classname="com.test.android.testCases.TestRunTimeMatrics"/>
  <testcase name="TC_22" time="121.543" classname="com.test.android.testCases.TestRunTimeMatrics"/>
  <testcase name="TC_23" time="12.78" classname="com.test.android.testCases.TestRunTimeMatrics"/>
  <testcase name="TC_23" time="12.027" classname="com.test.android.testCases.TestRunTimeMatrics"/>
  <testcase name="TC_23" time="11.923" classname="com.test.android.testCases.TestRunTimeMatrics"/>
  <testcase name="TC_23" time="11.967" classname="com.test.android.testCases.TestRunTimeMatrics"/>
  <testcase name="TC_24" time="11.512" classname="com.test.android.testCases.TestRunTimeMatrics"/>
  <testcase name="TC_24" time="11.503" classname="com.test.android.testCases.TestRunTimeMatrics"/>
  <testcase name="TC_24" time="11.425" classname="com.test.android.testCases.TestRunTimeMatrics"/>
  <testcase name="TC_24" time="11.549" classname="com.test.android.testCases.TestRunTimeMatrics"/>
  <testcase name="TC_25" time="361.613" classname="com.test.android.testCases.TestRunTimeMatrics"/>
</testsuite> <!-- PGSDK Run 1 -->
