<?xml version="1.0" encoding="UTF-8"?>
<!-- Generated by org.testng.reporters.JUnitReportReporter -->
<testsuite hostname="LetsGoMo" name="com.test.android.testCases.TestRunTimeMatrics" tests="35" failures="1" timestamp="29 Apr 2015 14:06:05 GMT" time="2918.294" errors="0">
  <testcase name="TC_21" time="5.468" classname="com.test.android.testCases.TestRunTimeMatrics"/>
  <testcase name="TC_17" time="31.701" classname="com.test.android.testCases.TestRunTimeMatrics"/>
  <testcase name="TC_03" time="42.308" classname="com.test.android.testCases.TestRunTimeMatrics"/>
  <testcase name="TC_18" time="31.877" classname="com.test.android.testCases.TestRunTimeMatrics"/>
  <testcase name="TC_04" time="35.177" classname="com.test.android.testCases.TestRunTimeMatrics"/>
  <testcase name="TC_23" time="11.972" classname="com.test.android.testCases.TestRunTimeMatrics"/>
  <testcase name="TC_12" time="42.687" classname="com.test.android.testCases.TestRunTimeMatrics"/>
  <testcase name="TC_24" time="11.514" classname="com.test.android.testCases.TestRunTimeMatrics"/>
  <testcase name="TC_18" time="32.071" classname="com.test.android.testCases.TestRunTimeMatrics"/>
  <testcase name="TC_06" time="300.010" classname="com.test.android.testCases.TestRunTimeMatrics"/>
  <testcase name="TC_24" time="11.555" classname="com.test.android.testCases.TestRunTimeMatrics"/>
  <testcase name="TC_05" time="193.125" classname="com.test.android.testCases.TestRunTimeMatrics"/>
  <testcase name="TC_08" time="120.061" classname="com.test.android.testCases.TestRunTimeMatrics"/>
  <testcase name="TC_02" time="205.807" classname="com.test.android.testCases.TestRunTimeMatrics"/>
  <testcase name="TC_14" time="121.915" classname="com.test.android.testCases.TestRunTimeMatrics"/>
  <testcase name="TC_23" time="11.926" classname="com.test.android.testCases.TestRunTimeMatrics"/>
  <testcase name="TC_01" time="308.130" classname="com.test.android.testCases.TestRunTimeMatrics"/>
  <testcase name="TC_23" time="12.028" classname="com.test.android.testCases.TestRunTimeMatrics"/>
  <testcase name="TC_15" time="120.016" classname="com.test.android.testCases.TestRunTimeMatrics"/>
  <testcase name="TC_09" time="121.370" classname="com.test.android.testCases.TestRunTimeMatrics"/>
  <testcase name="TC_04" time="35.378" classname="com.test.android.testCases.TestRunTimeMatrics"/>
  <testcase name="TC_03" time="42.137" classname="com.test.android.testCases.TestRunTimeMatrics"/>
  <testcase name="TC_07" time="26.441" classname="com.test.android.testCases.TestRunTimeMatrics"/>
  <testcase name="TC_13" time="194.647" classname="com.test.android.testCases.TestRunTimeMatrics"/>
  <testcase name="TC_22" time="121.545" classname="com.test.android.testCases.TestRunTimeMatrics"/>
  <testcase name="TC_16" time="2.106" classname="com.test.android.testCases.TestRunTimeMatrics">
    <failure type="org.openqa.selenium.NoSuchElementException" message="An element could not be located on the page using the given search parameters. (WARNING: The server did not provide any stacktrace information)
Command duration or timeout: 47 milliseconds
For documentation on this error, please visit: http://seleniumhq.org/exceptions/no_such_element.html
Build info: version: &#039;2.42.2&#039;, revision: &#039;6a6995d&#039;, time: &#039;2014-06-03 17:42:03&#039;
System info: host: &#039;LetsGoMo&#039;, ip: &#039;192.168.1.213&#039;, os.name: &#039;Windows 8.1&#039;, os.arch: &#039;amd64&#039;, os.version: &#039;6.3&#039;, java.version: &#039;1.8.0_25&#039;
Driver info: io.appium.java_client.AppiumDriver
Capabilities [{app=D:\Eclipse\PGSDK_REDEFINED/raw/WithoutGoExternalCall.apk, networkConnectionEnabled=true, warnings={}, databaseEnabled=false, version=4.2, deviceName=Android Device, deviceReadyTimeout=15, launchTimeout=30000, bootstrap-port=4754, platform=LINUX, desired={app=D:\Eclipse\PGSDK_REDEFINED/raw/WithoutGoExternalCall.apk, newCommandTimeout=900000, browserName=Android, platformName=Android, udid=0123456789ABCDEF, version=4.2, deviceName=Android Device, deviceReadyTimeout=15, launchTimeout=30000, bootstrap-port=4754}, newCommandTimeout=900000, platformVersion=4.1, webStorageEnabled=false, locationContextEnabled=false, browserName=Android, takesScreenshot=true, javascriptEnabled=true, platformName=Android, udid=0123456789ABCDEF}]
Session ID: e4d5a10e-c765-4815-b56b-6db43aadcb15">
      <![CDATA[org.openqa.selenium.NoSuchElementException: An element could not be located on the page using the given search parameters. (WARNING: The server did not provide any stacktrace information)
Command duration or timeout: 47 milliseconds
For documentation on this error, please visit: http://seleniumhq.org/exceptions/no_such_element.html
Build info: version: '2.42.2', revision: '6a6995d', time: '2014-06-03 17:42:03'
System info: host: 'LetsGoMo', ip: '192.168.1.213', os.name: 'Windows 8.1', os.arch: 'amd64', os.version: '6.3', java.version: '1.8.0_25'
Driver info: io.appium.java_client.AppiumDriver
Capabilities [{app=D:\Eclipse\PGSDK_REDEFINED/raw/WithoutGoExternalCall.apk, networkConnectionEnabled=true, warnings={}, databaseEnabled=false, version=4.2, deviceName=Android Device, deviceReadyTimeout=15, launchTimeout=30000, bootstrap-port=4754, platform=LINUX, desired={app=D:\Eclipse\PGSDK_REDEFINED/raw/WithoutGoExternalCall.apk, newCommandTimeout=900000, browserName=Android, platformName=Android, udid=0123456789ABCDEF, version=4.2, deviceName=Android Device, deviceReadyTimeout=15, launchTimeout=30000, bootstrap-port=4754}, newCommandTimeout=900000, platformVersion=4.1, webStorageEnabled=false, locationContextEnabled=false, browserName=Android, takesScreenshot=true, javascriptEnabled=true, platformName=Android, udid=0123456789ABCDEF}]
Session ID: e4d5a10e-c765-4815-b56b-6db43aadcb15
	at sun.reflect.NativeConstructorAccessorImpl.newInstance0(Native Method)
	at sun.reflect.NativeConstructorAccessorImpl.newInstance(Unknown Source)
	at sun.reflect.DelegatingConstructorAccessorImpl.newInstance(Unknown Source)
	at java.lang.reflect.Constructor.newInstance(Unknown Source)
	at org.openqa.selenium.remote.ErrorHandler.createThrowable(ErrorHandler.java:204)
	at org.openqa.selenium.remote.ErrorHandler.throwIfResponseFailed(ErrorHandler.java:156)
	at org.openqa.selenium.remote.RemoteWebDriver.execute(RemoteWebDriver.java:599)
	at io.appium.java_client.AppiumDriver.execute(AppiumDriver.java:102)
	at org.openqa.selenium.remote.RemoteWebDriver.findElement(RemoteWebDriver.java:352)
	at org.openqa.selenium.remote.RemoteWebDriver.findElementByClassName(RemoteWebDriver.java:433)
	at org.openqa.selenium.By$ByClassName.findElement(By.java:387)
	at org.openqa.selenium.remote.RemoteWebDriver.findElement(RemoteWebDriver.java:344)
	at com.test.android.Utilities.toggleWiFi(Utilities.java:120)
	at com.test.android.testCases.TestRunTimeMatrics.TC_16(TestRunTimeMatrics.java:179)
	at sun.reflect.NativeMethodAccessorImpl.invoke0(Native Method)
	at sun.reflect.NativeMethodAccessorImpl.invoke(Unknown Source)
	at sun.reflect.DelegatingMethodAccessorImpl.invoke(Unknown Source)
	at java.lang.reflect.Method.invoke(Unknown Source)
	at org.testng.internal.MethodInvocationHelper.invokeMethod(MethodInvocationHelper.java:84)
	at org.testng.internal.Invoker.invokeMethod(Invoker.java:714)
	at org.testng.internal.Invoker.invokeTestMethod(Invoker.java:901)
	at org.testng.internal.Invoker.invokeTestMethods(Invoker.java:1231)
	at org.testng.internal.TestMethodWorker.invokeTestMethods(TestMethodWorker.java:127)
	at org.testng.internal.TestMethodWorker.run(TestMethodWorker.java:111)
	at org.testng.TestRunner.privateRun(TestRunner.java:767)
	at org.testng.TestRunner.run(TestRunner.java:617)
	at org.testng.SuiteRunner.runTest(SuiteRunner.java:334)
	at org.testng.SuiteRunner.access$000(SuiteRunner.java:37)
	at org.testng.SuiteRunner$SuiteWorker.run(SuiteRunner.java:368)
	at org.testng.internal.thread.ThreadUtil$2.call(ThreadUtil.java:64)
	at java.util.concurrent.FutureTask.run(Unknown Source)
	at java.util.concurrent.ThreadPoolExecutor.runWorker(Unknown Source)
	at java.util.concurrent.ThreadPoolExecutor$Worker.run(Unknown Source)
	at java.lang.Thread.run(Unknown Source)
]]>
    </failure>
  </testcase> <!-- TC_16 -->
  <testcase name="TC_20" time="194.768" classname="com.test.android.testCases.TestRunTimeMatrics"/>
  <testcase name="TC_07" time="26.595" classname="com.test.android.testCases.TestRunTimeMatrics"/>
  <testcase name="TC_23" time="12.786" classname="com.test.android.testCases.TestRunTimeMatrics"/>
  <testcase name="TC_24" time="11.427" classname="com.test.android.testCases.TestRunTimeMatrics"/>
  <testcase name="TC_24" time="11.506" classname="com.test.android.testCases.TestRunTimeMatrics"/>
  <testcase name="TC_12" time="41.915" classname="com.test.android.testCases.TestRunTimeMatrics"/>
  <testcase name="TC_19" time="32.325" classname="com.test.android.testCases.TestRunTimeMatrics"/>
  <testcase name="TC_19" time="32.385" classname="com.test.android.testCases.TestRunTimeMatrics"/>
  <testcase name="TC_25" time="361.615" classname="com.test.android.testCases.TestRunTimeMatrics"/>
</testsuite> <!-- com.test.android.testCases.TestRunTimeMatrics -->
