<?xml version="1.0" encoding="UTF-8"?>
<!-- Generated by org.testng.reporters.JUnitReportReporter -->
<testsuite hostname="LetsGoMo" name="com.test.android.testCases.SensorState" tests="1" failures="1" timestamp="12 Feb 2015 06:39:33 GMT" time="20.160" errors="0">
  <testcase name="TC_01" time="20.160" classname="com.test.android.testCases.SensorState">
    <failure type="org.openqa.selenium.NoSuchElementException" message="An element could not be located on the page using the given search parameters. (WARNING: The server did not provide any stacktrace information)
Command duration or timeout: 156 milliseconds
For documentation on this error, please visit: http://seleniumhq.org/exceptions/no_such_element.html
Build info: version: &#039;2.42.2&#039;, revision: &#039;6a6995d&#039;, time: &#039;2014-06-03 17:42:03&#039;
System info: host: &#039;LetsGoMo&#039;, ip: &#039;192.168.2.215&#039;, os.name: &#039;Windows 8.1&#039;, os.arch: &#039;amd64&#039;, os.version: &#039;6.3&#039;, java.version: &#039;1.8.0_25&#039;
Driver info: io.appium.java_client.AppiumDriver
Capabilities [{app=D:\Eclipse\PGSDK_REDEFINED/raw/SampleActivity.apk, networkConnectionEnabled=true, warnings={}, databaseEnabled=false, version=4.4, deviceName=Android Device, deviceReadyTimeout=15, launchTimeout=30000, platform=LINUX, desired={app=D:\Eclipse\PGSDK_REDEFINED/raw/SampleActivity.apk, newCommandTimeout=900000, browserName=Android, platformName=Android, udid=4203111ce2f19100, version=4.4, deviceName=Android Device, deviceReadyTimeout=15, launchTimeout=30000}, newCommandTimeout=900000, platformVersion=4.1, webStorageEnabled=false, locationContextEnabled=false, browserName=Android, takesScreenshot=true, javascriptEnabled=true, platformName=Android, udid=4203111ce2f19100}]
Session ID: b6cec663-4e24-4ea0-9625-b8741f7eb654">
      <![CDATA[org.openqa.selenium.NoSuchElementException: An element could not be located on the page using the given search parameters. (WARNING: The server did not provide any stacktrace information)
Command duration or timeout: 156 milliseconds
For documentation on this error, please visit: http://seleniumhq.org/exceptions/no_such_element.html
Build info: version: '2.42.2', revision: '6a6995d', time: '2014-06-03 17:42:03'
System info: host: 'LetsGoMo', ip: '192.168.2.215', os.name: 'Windows 8.1', os.arch: 'amd64', os.version: '6.3', java.version: '1.8.0_25'
Driver info: io.appium.java_client.AppiumDriver
Capabilities [{app=D:\Eclipse\PGSDK_REDEFINED/raw/SampleActivity.apk, networkConnectionEnabled=true, warnings={}, databaseEnabled=false, version=4.4, deviceName=Android Device, deviceReadyTimeout=15, launchTimeout=30000, platform=LINUX, desired={app=D:\Eclipse\PGSDK_REDEFINED/raw/SampleActivity.apk, newCommandTimeout=900000, browserName=Android, platformName=Android, udid=4203111ce2f19100, version=4.4, deviceName=Android Device, deviceReadyTimeout=15, launchTimeout=30000}, newCommandTimeout=900000, platformVersion=4.1, webStorageEnabled=false, locationContextEnabled=false, browserName=Android, takesScreenshot=true, javascriptEnabled=true, platformName=Android, udid=4203111ce2f19100}]
Session ID: b6cec663-4e24-4ea0-9625-b8741f7eb654
	at sun.reflect.NativeConstructorAccessorImpl.newInstance0(Native Method)
	at sun.reflect.NativeConstructorAccessorImpl.newInstance(Unknown Source)
	at sun.reflect.DelegatingConstructorAccessorImpl.newInstance(Unknown Source)
	at java.lang.reflect.Constructor.newInstance(Unknown Source)
	at org.openqa.selenium.remote.ErrorHandler.createThrowable(ErrorHandler.java:204)
	at org.openqa.selenium.remote.ErrorHandler.throwIfResponseFailed(ErrorHandler.java:156)
	at org.openqa.selenium.remote.RemoteWebDriver.execute(RemoteWebDriver.java:599)
	at io.appium.java_client.AppiumDriver.execute(AppiumDriver.java:102)
	at org.openqa.selenium.remote.RemoteWebDriver.findElement(RemoteWebDriver.java:352)
	at org.openqa.selenium.remote.RemoteWebDriver.findElementById(RemoteWebDriver.java:393)
	at org.openqa.selenium.By$ById.findElement(By.java:214)
	at org.openqa.selenium.remote.RemoteWebDriver.findElement(RemoteWebDriver.java:344)
	at com.test.android.testCases.SensorState.TC_01(SensorState.java:20)
	at sun.reflect.NativeMethodAccessorImpl.invoke0(Native Method)
	at sun.reflect.NativeMethodAccessorImpl.invoke(Unknown Source)
	at sun.reflect.DelegatingMethodAccessorImpl.invoke(Unknown Source)
	at java.lang.reflect.Method.invoke(Unknown Source)
	at org.testng.internal.MethodInvocationHelper.invokeMethod(MethodInvocationHelper.java:84)
	at org.testng.internal.Invoker.invokeMethod(Invoker.java:714)
	at org.testng.internal.Invoker.invokeTestMethod(Invoker.java:901)
	at org.testng.internal.Invoker.invokeTestMethods(Invoker.java:1231)
	at org.testng.internal.TestMethodWorker.invokeTestMethods(TestMethodWorker.java:127)
	at org.testng.internal.TestMethodWorker.run(TestMethodWorker.java:111)
	at org.testng.TestRunner.privateRun(TestRunner.java:767)
	at org.testng.TestRunner.run(TestRunner.java:617)
	at org.testng.SuiteRunner.runTest(SuiteRunner.java:334)
	at org.testng.SuiteRunner.access$000(SuiteRunner.java:37)
	at org.testng.SuiteRunner$SuiteWorker.run(SuiteRunner.java:368)
	at org.testng.internal.thread.ThreadUtil$2.call(ThreadUtil.java:64)
	at java.util.concurrent.FutureTask.run(Unknown Source)
	at java.util.concurrent.ThreadPoolExecutor.runWorker(Unknown Source)
	at java.util.concurrent.ThreadPoolExecutor$Worker.run(Unknown Source)
	at java.lang.Thread.run(Unknown Source)
]]>
    </failure>
  </testcase> <!-- TC_01 -->
</testsuite> <!-- com.test.android.testCases.SensorState -->
